2017-10-23 17:47:00,273 - login - ERROR - The input number does not exist!!!
2017-10-23 17:48:46,588 - login - ERROR - User and passwords do not exist
2017-10-23 17:48:53,118 - login - ERROR - User and passwords do not exist
2017-10-23 17:49:00,878 - login - ERROR - User and passwords do not exist
2017-10-23 17:49:00,878 - login - ERROR - account [] too many login attempts

2017-10-23 17:50:21,613 - login - ERROR - User and passwords do not exist
2017-10-23 17:50:25,068 - login - ERROR - User and passwords do not exist
2017-10-23 17:50:30,795 - login - ERROR - User and passwords do not exist
2017-10-23 17:50:30,795 - login - ERROR - account acc_inp too many login attempts

2017-10-25 11:44:52,997 - login - INFO - 123 login success
2017-10-25 11:47:01,443 - login - ERROR - User and passwords do not exist
2017-10-25 11:47:04,983 - login - ERROR - User and passwords do not exist
2017-10-25 11:47:08,423 - login - ERROR - User and passwords do not exist
2017-10-25 11:47:08,423 - login - ERROR - account aaa too many login attempts

2017-10-26 14:19:38,819 - login - INFO - 123 login success
2017-10-26 14:23:05,280 - login - INFO - 1234 login success
2017-10-26 15:48:23,457 - login - INFO - account [123] login success
2017-10-26 15:53:30,122 - login - INFO - account [123] login success
2017-11-11 11:14:17,219 - login - ERROR - User and passwords do not exist
2017-11-11 11:14:33,920 - login - INFO - account [123] login success
2017-11-13 17:22:11,911 - login - INFO - account [123] login success
2017-11-14 14:17:17,555 - login - INFO - account [123] login success
2017-11-15 16:12:59,700 - login - INFO - account [123] login success
2017-11-15 16:14:12,547 - login - ERROR - The input number does not exist!!!
2017-11-15 16:15:04,961 - login - ERROR - The input number does not exist!!!
2017-11-15 16:15:46,395 - login - ERROR - The input number does not exist!!!
2017-11-15 16:16:55,565 - login - ERROR - The input number does not exist!!!
2017-11-15 16:16:58,443 - login - ERROR - The input number does not exist!!!
2017-11-15 16:17:01,000 - login - ERROR - The input number does not exist!!!
2017-11-15 16:18:57,579 - login - INFO - account [12345] login success
2017-11-15 16:19:43,593 - login - ERROR - The input number does not exist!!!
2017-11-15 16:20:10,489 - login - ERROR - The input number does not exist!!!
2017-11-15 16:20:15,628 - login - ERROR - The input number does not exist!!!
2017-11-15 16:20:22,771 - login - ERROR - The input number does not exist!!!
2017-11-15 16:20:25,963 - login - ERROR - The input number does not exist!!!
2017-11-15 16:20:28,544 - login - ERROR - The input number does not exist!!!
2017-11-15 16:20:29,662 - login - ERROR - The input number does not exist!!!
2017-11-15 16:20:41,417 - login - ERROR - The input number does not exist!!!
2017-11-15 16:20:50,645 - login - ERROR - The input number does not exist!!!
2017-11-15 16:20:52,949 - login - ERROR - The input number does not exist!!!
2017-11-15 16:20:58,822 - login - ERROR - The input number does not exist!!!
2017-11-15 16:21:01,845 - login - ERROR - The input number does not exist!!!
2017-11-15 16:21:04,420 - login - ERROR - The input number does not exist!!!
2017-11-15 16:21:06,638 - login - ERROR - The input number does not exist!!!
2017-11-15 16:21:08,223 - login - ERROR - The input number does not exist!!!
2017-11-15 16:21:10,034 - login - ERROR - The input number does not exist!!!
2017-11-15 16:21:11,459 - login - ERROR - The input number does not exist!!!
2017-11-15 16:21:12,637 - login - ERROR - The input number does not exist!!!
2017-11-15 16:21:22,322 - login - ERROR - The input number does not exist!!!
2017-11-15 16:21:24,483 - login - ERROR - The input number does not exist!!!
2017-11-15 16:21:28,139 - login - ERROR - The input number does not exist!!!
2017-11-15 16:21:30,248 - login - ERROR - The input number does not exist!!!
2017-11-15 16:21:32,029 - login - ERROR - The input number does not exist!!!
2017-11-15 16:21:40,033 - login - ERROR - The input number does not exist!!!
2017-11-15 16:21:44,000 - login - ERROR - The input number does not exist!!!
2017-11-15 16:22:07,887 - login - ERROR - The input number does not exist!!!
2017-11-15 16:22:09,572 - login - ERROR - The input number does not exist!!!
2017-11-15 16:22:11,433 - login - ERROR - The input number does not exist!!!
2017-11-15 16:22:12,940 - login - ERROR - The input number does not exist!!!
2017-11-15 16:22:14,521 - login - ERROR - The input number does not exist!!!
2017-11-15 16:22:22,347 - login - ERROR - The input number does not exist!!!
2017-11-15 16:22:24,777 - login - ERROR - The input number does not exist!!!
2017-11-15 16:22:26,637 - login - ERROR - The input number does not exist!!!
2017-11-15 16:23:43,979 - login - ERROR - The input number does not exist!!!
2017-11-15 16:23:44,919 - login - ERROR - The input number does not exist!!!
2017-11-15 16:23:49,619 - login - ERROR - The input number does not exist!!!
2017-11-15 16:23:50,739 - login - ERROR - The input number does not exist!!!
2017-11-15 16:23:52,515 - login - ERROR - The input number does not exist!!!
2017-11-15 16:25:17,322 - login - ERROR - The input number does not exist!!!
2017-11-15 16:25:18,002 - login - ERROR - The input number does not exist!!!
2017-11-15 16:25:18,676 - login - ERROR - The input number does not exist!!!
2017-11-15 16:25:19,358 - login - ERROR - The input number does not exist!!!
2017-11-15 16:25:20,356 - login - ERROR - The input number does not exist!!!
2017-11-15 16:25:21,241 - login - ERROR - The input number does not exist!!!
2017-11-15 16:25:22,347 - login - ERROR - The input number does not exist!!!
2017-11-15 16:25:26,862 - login - INFO - account [12345] login success
2017-11-15 16:25:33,989 - login - ERROR - User and passwords do not exist
2017-11-15 16:25:37,317 - login - ERROR - User and passwords do not exist
2017-11-15 16:25:39,765 - login - ERROR - User and passwords do not exist
2017-11-15 16:25:39,765 - login - ERROR - account 111 too many login attempts

2017-11-15 16:27:51,596 - login - INFO - account [12345] login success
2017-11-15 16:29:37,368 - login - ERROR - The input number does not exist!!!
2017-11-15 16:29:42,190 - login - INFO - account [1234] login success
2017-11-15 16:31:01,132 - login - INFO - account [1234] login success
2017-11-15 16:31:22,172 - login - INFO - account [1234] login success
2017-11-15 16:32:06,847 - login - INFO - account [123] login success
2017-11-15 16:32:31,511 - login - ERROR - User and passwords do not exist
2017-11-15 16:33:21,045 - login - ERROR - User and passwords do not exist
2017-11-15 16:33:27,683 - login - ERROR - User and passwords do not exist
2017-11-15 16:33:30,979 - login - ERROR - User and passwords do not exist
2017-11-15 16:33:30,980 - login - ERROR - account 2121 too many login attempts

2017-11-15 16:34:23,401 - login - ERROR - User and passwords do not exist
2017-11-15 16:34:25,805 - login - ERROR - User and passwords do not exist
2017-11-15 16:34:28,191 - login - ERROR - User and passwords do not exist
2017-11-15 16:34:28,191 - login - ERROR - account and passwords too many login attempts

2017-11-15 16:36:02,194 - login - INFO - account [12345] login success
2017-11-15 16:36:32,366 - login - ERROR - The input number does not exist!!!
2017-11-15 16:40:37,763 - login - ERROR - The input number does not exist!!!
2017-11-15 16:40:41,013 - login - ERROR - The input number does not exist!!!
2017-11-15 16:40:46,075 - login - INFO - account [123] login success
2017-11-15 17:36:27,792 - login - ERROR - The input number does not exist!!!
2017-11-15 17:36:34,957 - login - ERROR - The input number does not exist!!!
2017-11-15 17:37:45,569 - login - ERROR - The input number does not exist!!!
2017-11-15 17:38:22,883 - login - ERROR - The input number does not exist!!!
2017-11-15 17:41:07,252 - login - INFO - account [123] login success
2017-11-15 18:34:20,693 - login - INFO - account [123] login success
2017-11-15 18:34:30,863 - login - ERROR - User and passwords do not exist
2017-11-15 18:34:33,790 - login - ERROR - User and passwords do not exist
2017-11-15 18:34:36,117 - login - ERROR - User and passwords do not exist
2017-11-15 18:34:36,118 - login - ERROR - User and passwords too many login attempts

2017-11-15 18:34:36,118 - login - ERROR - The input number does not exist!!!
2017-11-15 18:35:15,013 - login - ERROR - User and passwords do not exist
2017-11-15 18:35:17,119 - login - ERROR - User and passwords do not exist
2017-11-15 18:35:19,121 - login - ERROR - User and passwords do not exist
2017-11-15 18:35:19,121 - login - ERROR - User and passwords too many login attempts

2017-11-15 18:36:19,411 - login - ERROR - User and passwords do not exist
2017-11-15 18:36:21,365 - login - ERROR - User and passwords do not exist
2017-11-15 18:36:23,827 - login - ERROR - User and passwords do not exist
2017-11-15 18:36:23,827 - login - ERROR - User and passwords too many login attempts

2017-11-15 18:36:23,827 - login - ERROR - The input number does not exist!!!
2017-11-15 18:36:51,532 - login - ERROR - User and passwords do not exist
2017-11-15 18:36:53,473 - login - ERROR - User and passwords do not exist
2017-11-15 18:36:55,575 - login - ERROR - User and passwords do not exist
2017-11-15 18:36:55,575 - login - ERROR - User and passwords too many login attempts

2017-11-15 18:37:01,438 - login - ERROR - The input number does not exist!!!
2017-11-15 18:37:43,161 - login - ERROR - User and passwords do not exist
2017-11-15 18:37:45,157 - login - ERROR - User and passwords do not exist
2017-11-15 18:37:47,127 - login - ERROR - User and passwords do not exist
2017-11-15 18:37:47,127 - login - ERROR - User and passwords too many login attempts

2017-11-15 18:39:20,405 - login - ERROR - User and passwords do not exist
2017-11-15 18:39:22,819 - login - ERROR - User and passwords do not exist
2017-11-15 18:39:24,801 - login - ERROR - User and passwords do not exist
2017-11-15 18:39:24,801 - login - ERROR - User and passwords too many login attempts

2017-11-15 18:44:46,876 - login - ERROR - User and passwords do not exist
2017-11-15 18:44:49,466 - login - ERROR - User and passwords do not exist
2017-11-15 18:44:51,887 - login - ERROR - User and passwords do not exist
2017-11-15 18:44:51,887 - login - ERROR - User and passwords too many login attempts

2017-11-15 18:44:56,888 - login - ERROR - The input number does not exist!!!
2017-11-15 18:44:58,142 - login - ERROR - The input number does not exist!!!
2017-11-15 18:44:59,032 - login - ERROR - The input number does not exist!!!
2017-11-15 18:45:00,133 - login - ERROR - The input number does not exist!!!
2017-11-15 18:45:01,127 - login - ERROR - The input number does not exist!!!
2017-11-15 18:45:02,439 - login - ERROR - The input number does not exist!!!
2017-11-15 18:45:03,560 - login - ERROR - The input number does not exist!!!
2017-11-15 18:45:04,681 - login - ERROR - The input number does not exist!!!
2017-11-15 18:45:05,549 - login - ERROR - The input number does not exist!!!
2017-11-15 18:45:08,311 - login - ERROR - The input number does not exist!!!
2017-11-15 18:45:10,230 - login - ERROR - The input number does not exist!!!
2017-11-15 18:45:12,229 - login - ERROR - The input number does not exist!!!
2017-11-15 18:45:13,303 - login - ERROR - The input number does not exist!!!
2017-11-15 18:45:16,778 - login - ERROR - The input number does not exist!!!
2017-11-15 18:45:18,268 - login - ERROR - The input number does not exist!!!
2017-11-15 18:45:19,317 - login - ERROR - The input number does not exist!!!
2017-11-15 18:45:20,695 - login - ERROR - The input number does not exist!!!
2017-11-15 18:45:24,997 - login - INFO - account [123] login success
2017-11-15 18:46:08,151 - login - ERROR - The input number does not exist!!!
2017-11-15 18:49:08,705 - login - INFO - account [123] login success
2017-11-15 18:51:33,075 - login - INFO - account [123] login success
2017-11-15 18:51:48,768 - login - INFO - account [123] login success
2017-11-15 18:53:27,115 - login - INFO - account [123] login success
2017-11-15 19:26:29,315 - login - INFO - account [123] login success
2017-11-15 19:27:30,582 - login - ERROR - User and passwords do not exist
2017-11-15 19:27:32,766 - login - INFO - account [123] login success
2017-11-15 19:28:04,698 - login - INFO - account [123] login success
2017-11-15 20:17:38,089 - login - INFO - account [123] login success
2017-11-15 20:18:13,570 - login - ERROR - The input number does not exist!!!
2017-11-15 20:18:15,756 - login - ERROR - The input number does not exist!!!
2017-11-15 20:18:17,518 - login - ERROR - The input number does not exist!!!
2017-11-15 20:18:18,606 - login - ERROR - The input number does not exist!!!
2017-11-15 20:18:19,480 - login - ERROR - The input number does not exist!!!
2017-11-15 20:18:23,689 - login - INFO - account [123] login success
2017-11-15 20:18:43,784 - login - INFO - account [123] login success
2017-11-15 20:18:48,372 - login - ERROR - User and passwords too many login attempts

2017-11-15 20:18:54,768 - login - ERROR - User and passwords too many login attempts

2017-11-15 20:44:42,394 - login - INFO - account [123] login success
2017-11-15 20:45:40,803 - login - INFO - account [123] login success
2017-11-15 20:46:39,298 - login - INFO - account [123] login success
2017-11-15 21:03:56,988 - login - INFO - account [123] login success
2017-11-20 11:48:20,173 - login - INFO - account [123] login success
2017-11-20 11:50:50,515 - login - INFO - account [123] login success
2017-11-20 11:55:40,351 - login - INFO - account [123] login success
2017-11-20 11:56:19,222 - login - ERROR - The input number does not exist!!!
2017-11-20 11:56:20,588 - login - ERROR - The input number does not exist!!!
2017-11-20 11:56:24,240 - login - INFO - account [123] login success
2017-11-20 14:52:37,309 - login - INFO - account [123] login success
2017-11-20 14:53:00,023 - login - INFO - account [123] login success
2017-11-20 15:04:24,276 - login - INFO - account [123] login success
2017-11-20 16:11:31,400 - login - INFO - account [123] login success
2017-11-20 16:14:52,243 - login - INFO - account [123] login success
2017-11-20 17:49:41,562 - login - INFO - account [123] login success
2017-11-21 12:45:57,396 - login - ERROR - The input number does not exist!!!
2017-11-21 12:45:58,985 - login - ERROR - The input number does not exist!!!
2017-11-21 12:46:01,975 - login - INFO - account [123] login success
2017-11-21 12:46:44,106 - login - INFO - account [123] login success
2017-11-21 15:40:30,655 - login - INFO - account [123] login success
2017-11-21 15:41:01,530 - login - INFO - account [123] login success
2017-11-21 16:42:17,522 - login - INFO - account [123] login success
2017-11-21 16:43:05,752 - login - ERROR - The input number does not exist!!!
2017-11-21 16:43:07,068 - login - ERROR - The input number does not exist!!!
2017-11-21 16:43:07,293 - login - ERROR - The input number does not exist!!!
2017-11-21 16:43:07,476 - login - ERROR - The input number does not exist!!!
2017-11-21 16:43:10,941 - login - INFO - account [1234] login success
2017-11-21 16:44:16,689 - login - INFO - account [1234] login success
2017-11-21 16:59:15,791 - login - INFO - account [123] login success
2017-11-21 17:03:53,285 - login - INFO - account [123] login success
2017-11-21 17:04:21,146 - login - INFO - account [123] login success
2017-11-21 17:04:43,939 - login - INFO - account [123] login success
2017-11-21 17:05:06,741 - login - INFO - account [123] login success
2017-11-21 17:05:40,099 - login - INFO - account [123] login success
2017-11-21 17:06:12,733 - login - INFO - account [123] login success
2017-11-21 17:06:35,709 - login - INFO - account [123] login success
2017-11-21 18:31:48,602 - login - INFO - account [123] login success
2017-11-21 18:32:04,843 - login - INFO - account [123] login success
2017-11-21 18:33:34,590 - login - INFO - account [\123] login success
2017-11-21 18:34:16,771 - login - ERROR - User and passwords do not exist
2017-11-21 18:34:19,733 - login - INFO - account [123] login success
2017-11-21 18:34:57,563 - login - INFO - account [123] login success
2017-11-21 18:35:40,116 - login - INFO - account [123] login success
2017-11-21 18:55:09,782 - login - INFO - account [123] login success
2017-11-21 18:56:11,546 - login - INFO - account [123] login success
2017-11-21 19:05:44,541 - login - INFO - account [123] login success
2017-11-21 19:29:02,909 - login - INFO - account [123] login success
2017-11-21 19:31:19,849 - login - INFO - account [123] login success
2017-11-21 19:31:54,945 - login - INFO - account [123] login success
2017-11-21 19:32:08,071 - login - INFO - account [123] login success
2017-11-21 19:32:43,924 - login - INFO - account [123] login success
2017-11-21 19:32:55,397 - login - ERROR - User and passwords do not exist
2017-11-21 19:32:57,450 - login - INFO - account [123] login success
2017-11-21 19:33:11,279 - login - INFO - account [123] login success
2017-11-21 20:54:17,002 - login - INFO - account [123] login success
2017-11-21 20:54:50,119 - login - INFO - account [123] login success
2017-11-21 21:05:42,035 - login - INFO - account [123] login success
2017-11-27 14:34:55,795 - login - INFO - account [123] login success
2017-11-27 14:59:44,999 - login - INFO - account [123] login success
2017-12-04 15:32:10,079 - login - INFO - account [123] login success
2017-12-04 15:38:21,584 - login - INFO - account [123] login success
2017-12-04 15:39:37,558 - login - INFO - account [123] login success
2017-12-04 15:40:39,913 - login - INFO - account [123] login success
2017-12-04 15:43:09,532 - login - INFO - account [123] login success
2017-12-05 14:39:35,101 - login - INFO - account [123] login success
2017-12-05 22:29:17,026 - login - INFO - account [123] login success
2017-12-05 22:29:41,107 - login - INFO - account [123] login success
2017-12-05 22:34:38,579 - login - INFO - account [123] login success
2017-12-05 22:34:55,154 - login - INFO - account [123] login success
2017-12-05 22:35:57,176 - login - INFO - account [123] login success
2017-12-05 22:36:11,471 - login - INFO - account [123] login success
2017-12-05 23:39:20,957 - login - INFO - account [123] login success
2017-12-05 23:40:57,849 - login - INFO - account [123] login success
2017-12-07 13:32:29,233 - login - INFO - account [123] login success
2017-12-07 13:33:17,447 - login - INFO - account [123] login success
2017-12-07 13:36:25,319 - login - INFO - account [123] login success
2017-12-07 13:36:58,828 - login - ERROR - User and passwords do not exist
2017-12-07 13:37:02,516 - login - ERROR - User and passwords do not exist
2017-12-07 13:37:04,804 - login - ERROR - User and passwords do not exist
2017-12-07 13:37:04,805 - login - ERROR - User and passwords too many login attempts

2017-12-07 13:37:06,055 - login - ERROR - The input number does not exist!!!
2017-12-07 13:37:07,364 - login - ERROR - The input number does not exist!!!
2017-12-07 13:37:10,497 - login - INFO - account [123] login success
2017-12-07 13:37:36,967 - login - INFO - account [123] login success
2017-12-07 13:38:14,599 - login - INFO - account [123] login success
2017-12-07 13:39:06,093 - login - INFO - account [123] login success
2017-12-07 13:39:44,915 - login - INFO - account [123] login success
2017-12-07 13:40:12,070 - login - INFO - account [123] login success
2017-12-07 13:40:50,700 - login - INFO - account [123] login success
2017-12-07 14:34:17,996 - login - INFO - account [123] login success
2017-12-07 14:44:41,621 - login - INFO - account [123] login success
2017-12-07 14:46:43,524 - login - INFO - account [123] login success
2017-12-07 14:48:37,794 - login - INFO - account [123] login success
2017-12-07 14:51:05,960 - login - INFO - account [123] login success
2017-12-07 14:51:42,084 - login - INFO - account [123] login success
2017-12-07 14:51:56,881 - login - INFO - account [123] login success
2017-12-07 14:52:25,144 - login - INFO - account [123] login success
2017-12-07 14:52:50,001 - login - INFO - account [123] login success
2017-12-07 14:53:14,253 - login - INFO - account [123] login success
2017-12-07 14:53:40,572 - login - INFO - account [123] login success
2017-12-07 14:54:00,159 - login - INFO - account [123] login success
2017-12-07 14:54:14,726 - login - INFO - account [123] login success
2017-12-07 14:54:26,515 - login - INFO - account [123] login success
2017-12-07 14:54:45,275 - login - INFO - account [123] login success
2017-12-07 14:55:10,331 - login - INFO - account [123] login success
2017-12-07 14:55:43,369 - login - INFO - account [123] login success
2017-12-07 14:56:01,398 - login - INFO - account [123] login success
2017-12-07 14:56:20,429 - login - INFO - account [123] login success
2017-12-07 14:56:37,186 - login - INFO - account [123] login success
2017-12-07 15:25:31,417 - login - INFO - account [123] login success
2017-12-07 15:25:50,578 - login - INFO - account [123] login success
2017-12-07 15:30:34,281 - login - INFO - account [123] login success
2017-12-07 15:31:12,455 - login - INFO - account [123] login success
2017-12-07 15:32:12,852 - login - INFO - account [123] login success
2017-12-07 15:33:08,047 - login - INFO - account [123] login success
2017-12-07 15:33:26,124 - login - INFO - account [123] login success
2017-12-07 15:34:04,369 - login - INFO - account [123] login success
2017-12-07 15:34:20,447 - login - INFO - account [123] login success
2017-12-07 15:35:33,236 - login - INFO - account [123] login success
2017-12-07 15:41:53,542 - login - INFO - account [123] login success
2017-12-07 15:43:47,102 - login - INFO - account [123] login success
2017-12-07 15:44:30,831 - login - INFO - account [123] login success
2017-12-07 15:44:54,618 - login - INFO - account [123] login success
2017-12-07 15:45:59,895 - login - INFO - account [123] login success
2017-12-07 15:46:24,104 - login - INFO - account [123] login success
2017-12-07 15:47:58,194 - login - INFO - account [123] login success
2017-12-07 15:48:36,266 - login - INFO - account [123] login success
2017-12-07 15:49:22,776 - login - ERROR - The input number does not exist!!!
2017-12-07 15:49:23,340 - login - ERROR - The input number does not exist!!!
2017-12-07 15:49:30,396 - login - INFO - account [123] login success
2017-12-07 15:50:32,424 - login - INFO - account [123] login success
2017-12-07 15:50:57,142 - login - INFO - account [123] login success
2017-12-07 15:52:06,369 - login - INFO - account [123] login success
2017-12-07 15:52:30,383 - login - INFO - account [123] login success
2017-12-07 15:54:00,769 - login - INFO - account [123] login success
2017-12-07 15:54:38,720 - login - INFO - account [123] login success
2017-12-07 15:56:43,309 - login - INFO - account [123] login success
2017-12-07 15:58:06,743 - login - INFO - account [123] login success
2017-12-07 15:58:32,852 - login - INFO - account [123] login success
2017-12-07 15:58:44,037 - login - INFO - account [123] login success
2017-12-07 16:02:33,073 - login - INFO - account [123] login success
2017-12-07 16:04:21,674 - login - INFO - account [123] login success
2017-12-07 16:05:38,615 - login - INFO - account [123] login success
2017-12-07 16:06:29,351 - login - INFO - account [123] login success
2017-12-07 16:07:14,982 - login - INFO - account [123] login success
2017-12-07 16:08:53,118 - login - INFO - account [123] login success
2017-12-07 16:09:34,408 - login - INFO - account [123] login success
2017-12-07 16:13:36,913 - login - INFO - account [123] login success
2017-12-07 16:17:21,149 - login - INFO - account [123] login success
2017-12-07 16:19:21,713 - login - INFO - account [123] login success
2017-12-07 16:37:38,253 - login - INFO - account [123] login success
2017-12-07 16:38:38,970 - login - INFO - account [123] login success
2017-12-07 16:42:24,730 - login - INFO - account [123] login success
2017-12-07 16:42:37,377 - login - INFO - account [123] login success
2017-12-07 16:43:22,335 - login - INFO - account [123] login success
2017-12-07 16:43:51,766 - login - INFO - account [123] login success
2017-12-07 16:44:37,610 - login - INFO - account [123] login success
2017-12-07 17:24:18,378 - login - INFO - account [123] login success
2017-12-07 17:24:54,081 - login - INFO - account [123] login success
2017-12-07 17:27:02,000 - login - INFO - account [123] login success
2017-12-07 17:28:18,127 - login - INFO - account [123] login success
2017-12-07 17:29:17,305 - login - INFO - account [123] login success
2017-12-07 17:29:33,569 - login - INFO - account [123] login success
2017-12-07 17:38:45,251 - login - INFO - account [123] login success
2017-12-07 17:40:52,085 - login - INFO - account [123] login success
2017-12-07 17:54:10,184 - login - INFO - account [123] login success
2017-12-07 17:54:28,946 - login - INFO - account [123] login success
2017-12-07 17:55:25,574 - login - INFO - account [123] login success
2017-12-07 17:59:09,545 - login - INFO - account [123] login success
2017-12-07 18:00:08,279 - login - INFO - account [123] login success
2017-12-07 18:11:12,440 - login - INFO - account [123] login success
2017-12-07 18:11:51,181 - login - INFO - account [123] login success
2017-12-07 18:13:36,372 - login - INFO - account [123] login success
2017-12-07 18:14:06,434 - login - INFO - account [123] login success
2017-12-07 18:14:25,641 - login - INFO - account [123] login success
2017-12-07 18:27:24,045 - login - INFO - account [123] login success
2017-12-07 18:29:11,888 - login - INFO - account [123] login success
2017-12-07 18:35:21,602 - login - INFO - account [123] login success
2017-12-08 10:26:41,517 - login - INFO - account [123] login success
2017-12-08 10:26:52,626 - login - INFO - account [123] login success
2017-12-08 10:27:24,601 - login - INFO - account [123] login success
2017-12-08 10:28:10,802 - login - INFO - account [123] login success
2017-12-08 10:30:55,826 - login - INFO - account [123] login success
2017-12-08 10:50:01,887 - login - INFO - account [123] login success
2017-12-08 10:50:28,331 - login - INFO - account [123] login success
2017-12-08 10:51:20,468 - login - INFO - account [\123] login success
2017-12-08 10:52:07,313 - login - INFO - account [123] login success
2017-12-08 10:53:35,743 - login - INFO - account [123] login success
2017-12-08 10:54:31,703 - login - INFO - account [123] login success
2017-12-08 10:55:23,033 - login - INFO - account [123] login success
2017-12-08 10:56:11,141 - login - INFO - account [\123] login success
2017-12-08 10:56:53,500 - login - INFO - account [123] login success
2017-12-08 11:00:56,883 - login - INFO - account [123] login success
2017-12-08 11:02:24,099 - login - INFO - account [123] login success
2017-12-08 11:03:02,642 - login - INFO - account [123] login success
2017-12-08 11:03:30,212 - login - INFO - account [123] login success
2017-12-08 11:04:19,372 - login - INFO - account [123] login success
2017-12-08 11:08:01,675 - login - INFO - account [123] login success
2017-12-08 11:11:41,046 - login - INFO - account [123] login success
2017-12-08 11:12:34,605 - login - INFO - account [123] login success
2017-12-08 11:14:53,582 - login - INFO - account [123] login success
2017-12-08 11:15:09,511 - login - INFO - account [123] login success
2017-12-08 11:18:08,026 - login - ERROR - User and passwords do not exist
2017-12-08 11:18:10,746 - login - INFO - account [123] login success
2017-12-08 11:18:43,261 - login - INFO - account [123] login success
2017-12-08 11:19:47,180 - login - INFO - account [123] login success
2017-12-08 11:24:50,601 - login - INFO - account [123] login success
2017-12-08 11:25:33,305 - login - INFO - account [123] login success
2017-12-08 11:26:42,716 - login - INFO - account [123] login success
2017-12-08 11:27:12,576 - login - INFO - account [123] login success
2017-12-08 11:27:55,898 - login - INFO - account [123] login success
2017-12-08 11:33:58,307 - login - INFO - account [123] login success
2017-12-08 11:35:48,865 - login - INFO - account [123] login success
2017-12-08 11:37:49,253 - login - INFO - account [123] login success
2017-12-08 11:38:05,562 - login - INFO - account [123] login success
2017-12-08 11:38:51,773 - login - INFO - account [123] login success
2017-12-08 11:39:25,364 - login - INFO - account [123] login success
2017-12-08 11:40:16,519 - login - INFO - account [123] login success
2017-12-08 11:40:44,609 - login - INFO - account [123] login success
2017-12-08 14:00:16,638 - login - INFO - account [123] login success
2017-12-08 14:01:03,055 - login - INFO - account [123] login success
2017-12-08 14:01:36,701 - login - INFO - account [123] login success
2017-12-08 14:01:57,828 - login - INFO - account [123] login success
2017-12-08 14:03:05,796 - login - INFO - account [123] login success
2017-12-08 14:04:03,635 - login - INFO - account [123] login success
2017-12-08 14:06:36,956 - login - INFO - account [123] login success
2017-12-08 14:07:04,866 - login - INFO - account [123] login success
2017-12-08 14:07:31,104 - login - INFO - account [123] login success
2017-12-08 14:11:04,325 - login - INFO - account [123] login success
2017-12-08 14:11:49,813 - login - INFO - account [123] login success
2017-12-08 14:12:24,340 - login - INFO - account [123] login success
2017-12-08 14:12:55,038 - login - INFO - account [123] login success
2017-12-08 14:14:49,707 - login - INFO - account [123] login success
2017-12-08 14:17:15,209 - login - INFO - account [123] login success
2017-12-08 14:22:45,007 - login - INFO - account [123] login success
2017-12-08 14:23:22,608 - login - INFO - account [123] login success
2017-12-08 14:42:42,861 - login - INFO - account [123] login success
2017-12-08 14:43:19,997 - login - INFO - account [123] login success
2017-12-08 14:45:36,657 - login - INFO - account [123] login success
2017-12-08 14:51:45,565 - login - INFO - account [123] login success
2017-12-08 14:52:16,475 - login - INFO - account [123] login success
2017-12-08 14:53:30,052 - login - INFO - account [123] login success
2017-12-08 14:53:50,206 - login - INFO - account [123] login success
2017-12-08 14:54:37,631 - login - INFO - account [123] login success
2017-12-08 14:55:56,062 - login - INFO - account [123] login success
2017-12-08 16:23:50,319 - login - INFO - account [123] login success
2017-12-08 16:24:25,266 - login - INFO - account [123] login success
2017-12-08 16:25:59,520 - login - INFO - account [123] login success
2017-12-08 16:26:16,490 - login - INFO - account [123] login success
2017-12-08 16:27:05,473 - login - INFO - account [123] login success
2017-12-08 16:33:18,990 - login - INFO - account [123] login success
2017-12-08 16:36:13,833 - login - INFO - account [123] login success
2017-12-08 16:48:40,107 - login - INFO - account [123] login success
2017-12-08 16:58:27,220 - login - ERROR - User and passwords do not exist
2017-12-08 16:58:29,826 - login - INFO - account [123] login success
2017-12-08 16:59:15,084 - login - INFO - account [123] login success
2017-12-08 17:00:43,823 - login - INFO - account [123] login success
2017-12-08 17:04:53,578 - login - INFO - account [123] login success
2017-12-08 17:08:03,446 - login - INFO - account [123] login success
2017-12-08 17:11:41,218 - login - INFO - account [123] login success
2017-12-08 17:12:28,486 - login - INFO - account [123] login success
2017-12-11 10:29:18,516 - login - ERROR - The input number does not exist!!!
2017-12-11 10:47:52,191 - login - INFO - account [123] login success
2017-12-11 11:21:59,722 - login - INFO - account [1234] login success
2017-12-11 11:22:40,499 - login - INFO - account [121] login success
2017-12-11 11:23:23,306 - login - INFO - account [122] login success
2017-12-12 12:57:10,651 - login - INFO - account [123] login success
2018-01-08 15:32:18,497 - login - INFO - account [123] login success
2018-01-08 16:55:08,092 - login - ERROR - User and passwords do not exist
2018-01-09 14:41:15,985 - login - INFO - account [123] login success
